#
# A fatal error has been detected by the Java Runtime Environment:
#
#  EXCEPTION_ACCESS_VIOLATION (0xc0000005) at pc=0x0000000063674a1b, pid=5632, tid=9484
#
# JRE version: Java(TM) SE Runtime Environment (7.0_79-b15) (build 1.7.0_79-b15)
# Java VM: Java HotSpot(TM) 64-Bit Server VM (24.79-b02 mixed mode windows-amd64 compressed oops)
# Problematic frame:
# V  [jvm.dll+0x144a1b]
#
# Failed to write core dump. Minidumps are not enabled by default on client versions of Windows
#
# If you would like to submit a bug report, please visit:
#   http://bugreport.java.com/bugreport/crash.jsp
#

---------------  T H R E A D  ---------------

Current thread (0x000000000ac34000):  JavaThread "JDWP Transport Listener: dt_socket" daemon [_thread_in_vm, id=9484, stack(0x000000000c4e0000,0x000000000c5e0000)]

siginfo: ExceptionCode=0xc0000005, reading address 0xffffffffffffffff

Registers:
RAX=0x000000000c5df401, RBX=0x000000000ac34000, RCX=0x7400003b6e6f6974, RDX=0x0000000000000000
RSP=0x000000000c5df420, RBP=0x7400003b6e6f6974, RSI=0x000000000c5df538, RDI=0x00000000027f8630
R8 =0x000000000ac34000, R9 =0x0000000000000000, R10=0x0000000000000000, R11=0x0000000000000064
R12=0x0000000000000000, R13=0x000000000ac2c2b8, R14=0x0000000000000000, R15=0x0000000000000000
RIP=0x0000000063674a1b, EFLAGS=0x0000000000010206

Top of Stack: (sp=0x000000000c5df420)
0x000000000c5df420:   000000000ac34000 0000000000000005
0x000000000c5df430:   000000000c5df4e8 0000000063816a59
0x000000000c5df440:   000000000ac34000 0000000063834602
0x000000000c5df450:   0000000000000000 0000000063468e8d
0x000000000c5df460:   000000000ac068c0 0000000063472666
0x000000000c5df470:   000000000ac34000 0000000000000000
0x000000000c5df480:   0000000000000000 0000000000000000
0x000000000c5df490:   7400003b6e6f6974 000000006347175d
0x000000000c5df4a0:   000000000c5df538 000000000c5df510
0x000000000c5df4b0:   0000000000000001 000000000ac068c0
0x000000000c5df4c0:   7400003b6e6f6974 00000000634553b3
0x000000000c5df4d0:   000000000c5df600 0000000000000001
0x000000000c5df4e0:   0000000000000001 000000000ac068c0
0x000000000c5df4f0:   000000000000000a 0000000000000000
0x000000000c5df500:   0000000000000000 0000000000000000
0x000000000c5df510:   0000000000000001 0000000063455571 

Instructions: (pc=0x0000000063674a1b)
0x00000000636749fb:   48 8b 5c 24 30 48 89 47 18 48 83 c4 20 5f c3 cc
0x0000000063674a0b:   cc cc cc cc cc 40 53 48 83 ec 20 48 85 c9 74 54
0x0000000063674a1b:   48 8b 19 48 85 db 74 4c 48 b8 fe fe fe fe fe fe
0x0000000063674a2b:   fe fe 48 3b d8 74 3d 80 3d 8f 26 61 00 00 74 15 


Register to memory mapping:

RAX=0x000000000c5df401 is pointing into the stack for thread: 0x000000000ac34000
RBX=0x000000000ac34000 is a thread
RCX=0x7400003b6e6f6974 is an unknown value
RDX=0x0000000000000000 is an unknown value
RSP=0x000000000c5df420 is pointing into the stack for thread: 0x000000000ac34000
RBP=0x7400003b6e6f6974 is an unknown value
RSI=0x000000000c5df538 is pointing into the stack for thread: 0x000000000ac34000
RDI=0x00000000027f8630 is an unknown value
R8 =0x000000000ac34000 is a thread
R9 =0x0000000000000000 is an unknown value
R10=0x0000000000000000 is an unknown value
R11=0x0000000000000064 is an unknown value
R12=0x0000000000000000 is an unknown value
R13=0x000000000ac2c2b8 is an unknown value
R14=0x0000000000000000 is an unknown value
R15=0x0000000000000000 is an unknown value


Stack: [0x000000000c4e0000,0x000000000c5e0000],  sp=0x000000000c5df420,  free space=1021k
Native frames: (J=compiled Java code, j=interpreted, Vv=VM code, C=native code)
V  [jvm.dll+0x144a1b]


---------------  P R O C E S S  ---------------

Java Threads: ( => current thread )
  0x000000000ac60000 JavaThread "Service Thread" daemon [_thread_blocked, id=13172, stack(0x000000000c9e0000,0x000000000cae0000)]
  0x000000000ac57800 JavaThread "C2 CompilerThread1" daemon [_thread_blocked, id=13424, stack(0x000000000c8e0000,0x000000000c9e0000)]
  0x000000000ac56800 JavaThread "C2 CompilerThread0" daemon [_thread_blocked, id=13016, stack(0x000000000c7e0000,0x000000000c8e0000)]
  0x000000000ac44000 JavaThread "JDWP Command Reader" daemon [_thread_in_native, id=5256, stack(0x000000000c6e0000,0x000000000c7e0000)]
  0x000000000ac40000 JavaThread "JDWP Event Helper Thread" daemon [_thread_blocked, id=9292, stack(0x000000000c5e0000,0x000000000c6e0000)]
=>0x000000000ac34000 JavaThread "JDWP Transport Listener: dt_socket" daemon [_thread_in_vm, id=9484, stack(0x000000000c4e0000,0x000000000c5e0000)]
  0x000000000ac2d000 JavaThread "Attach Listener" daemon [_thread_blocked, id=12164, stack(0x000000000c0a0000,0x000000000c1a0000)]
  0x000000000ac2a000 JavaThread "Signal Dispatcher" daemon [_thread_blocked, id=11924, stack(0x000000000bfa0000,0x000000000c0a0000)]
  0x000000000abf1800 JavaThread "Finalizer" daemon [_thread_blocked, id=8456, stack(0x000000000bea0000,0x000000000bfa0000)]
  0x000000000abe8800 JavaThread "Reference Handler" daemon [_thread_blocked, id=13208, stack(0x000000000bda0000,0x000000000bea0000)]
  0x00000000027fd800 JavaThread "main" [_thread_blocked, id=14100, stack(0x00000000026c0000,0x00000000027c0000)]

Other Threads:
  0x000000000abe3000 VMThread [stack: 0x000000000bca0000,0x000000000bda0000] [id=7372]
  0x000000000ac68800 WatcherThread [stack: 0x000000000cae0000,0x000000000cbe0000] [id=10020]

VM state:not at safepoint (normal execution)

VM Mutex/Monitor currently owned by a thread: None

Heap
 PSYoungGen      total 37888K, used 1966K [0x00000007d6000000, 0x00000007d8a00000, 0x0000000800000000)
  eden space 32768K, 6% used [0x00000007d6000000,0x00000007d61eb960,0x00000007d8000000)
  from space 5120K, 0% used [0x00000007d8500000,0x00000007d8500000,0x00000007d8a00000)
  to   space 5120K, 0% used [0x00000007d8000000,0x00000007d8000000,0x00000007d8500000)
 ParOldGen       total 86016K, used 0K [0x0000000782000000, 0x0000000787400000, 0x00000007d6000000)
  object space 86016K, 0% used [0x0000000782000000,0x0000000782000000,0x0000000787400000)
 PSPermGen       total 21504K, used 2703K [0x000000077ce00000, 0x000000077e300000, 0x0000000782000000)
  object space 21504K, 12% used [0x000000077ce00000,0x000000077d0a3de0,0x000000077e300000)

Card table byte_map: [0x0000000005a30000,0x0000000005e50000] byte_map_base: 0x0000000001e49000

Polling page: 0x0000000000eb0000

Code Cache  [0x0000000002970000, 0x0000000002be0000, 0x0000000005970000)
 total_blobs=160 nmethods=0 adapters=136 free_code_cache=48775Kb largest_free_block=49945664

Compilation events (0 events):
No events

GC Heap History (0 events):
No events

Deoptimization events (0 events):
No events

Internal exceptions (4 events):
Event: 0.026 Thread 0x00000000027fd800 Threw 0x00000007d600f528 at C:\re\jdk7u79\2331\hotspot\src\share\vm\prims\jni.cpp:3991
Event: 0.121 Thread 0x00000000027fd800 Threw 0x00000007d604e270 at C:\re\jdk7u79\2331\hotspot\src\share\vm\prims\jvm.cpp:1304
Event: 0.133 Thread 0x00000000027fd800 Threw 0x00000007d60554e8 at C:\re\jdk7u79\2331\hotspot\src\share\vm\prims\jvm.cpp:1304
Event: 0.134 Thread 0x00000000027fd800 Threw 0x00000007d60578d8 at C:\re\jdk7u79\2331\hotspot\src\share\vm\prims\jvm.cpp:1304

Events (10 events):
Event: 581.052 Executing VM operation: ChangeBreakpoints
Event: 581.052 Executing VM operation: ChangeBreakpoints done
Event: 581.055 Executing VM operation: ChangeBreakpoints
Event: 581.055 Executing VM operation: ChangeBreakpoints done
Event: 587.105 Executing VM operation: ChangeBreakpoints
Event: 587.105 Executing VM operation: ChangeBreakpoints done
Event: 587.106 Executing VM operation: ChangeBreakpoints
Event: 587.106 Executing VM operation: ChangeBreakpoints done
Event: 587.150 Executing VM operation: RedefineClasses
Event: 587.151 Executing VM operation: RedefineClasses done


Dynamic libraries:
0x00007ff7cb280000 - 0x00007ff7cb2b3000 	D:\Program Files\Java\jre7\bin\javaw.exe
0x00007ff9a6cb0000 - 0x00007ff9a6e71000 	C:\WINDOWS\SYSTEM32\ntdll.dll
0x00007ff9a45d0000 - 0x00007ff9a467d000 	C:\WINDOWS\system32\KERNEL32.DLL
0x00007ff9a3ac0000 - 0x00007ff9a3c9d000 	C:\WINDOWS\system32\KERNELBASE.dll
0x00007ff9a6c00000 - 0x00007ff9a6ca6000 	C:\WINDOWS\system32\ADVAPI32.dll
0x00007ff9a4ba0000 - 0x00007ff9a4c3d000 	C:\WINDOWS\system32\msvcrt.dll
0x00007ff9a4c60000 - 0x00007ff9a4cbb000 	C:\WINDOWS\system32\sechost.dll
0x00007ff9a5080000 - 0x00007ff9a51a6000 	C:\WINDOWS\system32\RPCRT4.dll
0x00007ff9a4850000 - 0x00007ff9a499e000 	C:\WINDOWS\system32\USER32.dll
0x00007ff9a49a0000 - 0x00007ff9a4b26000 	C:\WINDOWS\system32\GDI32.dll
0x00007ff99e310000 - 0x00007ff99e584000 	C:\WINDOWS\WinSxS\amd64_microsoft.windows.common-controls_6595b64144ccf1df_6.0.10240.16384_none_f41f7b285750ef43\COMCTL32.dll
0x00007ff9a5540000 - 0x00007ff9a5576000 	C:\WINDOWS\system32\IMM32.DLL
0x00007ff9a53d0000 - 0x00007ff9a552c000 	C:\WINDOWS\system32\MSCTF.dll
0x0000000064740000 - 0x0000000064812000 	D:\Program Files\Java\jre7\bin\msvcr100.dll
0x0000000063530000 - 0x0000000063d05000 	D:\Program Files\Java\jre7\bin\server\jvm.dll
0x00007ff9a5530000 - 0x00007ff9a5538000 	C:\WINDOWS\system32\PSAPI.DLL
0x00007ff9a1920000 - 0x00007ff9a1943000 	C:\WINDOWS\SYSTEM32\WINMM.dll
0x00007ff991b50000 - 0x00007ff991b59000 	C:\WINDOWS\SYSTEM32\WSOCK32.dll
0x00007ff9a4b30000 - 0x00007ff9a4b99000 	C:\WINDOWS\system32\WS2_32.dll
0x00007ff9a53c0000 - 0x00007ff9a53c8000 	C:\WINDOWS\system32\NSI.dll
0x00007ff9a1770000 - 0x00007ff9a179c000 	C:\WINDOWS\SYSTEM32\WINMMBASE.dll
0x00007ff9a39b0000 - 0x00007ff9a39f4000 	C:\WINDOWS\system32\cfgmgr32.dll
0x00007ff9a2050000 - 0x00007ff9a2077000 	C:\WINDOWS\SYSTEM32\DEVOBJ.dll
0x0000000064730000 - 0x000000006473f000 	D:\Program Files\Java\jre7\bin\verify.dll
0x0000000064700000 - 0x0000000064728000 	D:\Program Files\Java\jre7\bin\java.dll
0x0000000063450000 - 0x0000000063485000 	D:\Program Files\Java\jre7\bin\jdwp.dll
0x0000000063440000 - 0x0000000063448000 	D:\Program Files\Java\jre7\bin\npt.dll
0x0000000063510000 - 0x0000000063525000 	D:\Program Files\Java\jre7\bin\zip.dll
0x0000000063430000 - 0x0000000063439000 	D:\Program Files\Java\jre7\bin\dt_socket.dll
0x00007ff996ec0000 - 0x00007ff996ed5000 	C:\WINDOWS\system32\napinsp.dll
0x00007ff996ee0000 - 0x00007ff996efa000 	C:\WINDOWS\system32\pnrpnsp.dll
0x00007ff9a1480000 - 0x00007ff9a1498000 	C:\WINDOWS\system32\NLAapi.dll
0x00007ff9a2f50000 - 0x00007ff9a2fad000 	C:\WINDOWS\System32\mswsock.dll
0x00007ff9a2cf0000 - 0x00007ff9a2d98000 	C:\WINDOWS\SYSTEM32\DNSAPI.dll
0x00007ff996f00000 - 0x00007ff996f0d000 	C:\WINDOWS\System32\winrnr.dll
0x00007ff999040000 - 0x00007ff999055000 	C:\WINDOWS\system32\wshbth.dll
0x00007ff99bff0000 - 0x00007ff99c058000 	C:\WINDOWS\System32\fwpuclnt.dll
0x00007ff9a3610000 - 0x00007ff9a3638000 	C:\WINDOWS\SYSTEM32\bcrypt.dll
0x00007ff99b480000 - 0x00007ff99b48a000 	C:\Windows\System32\rasadhlp.dll
0x00007ff984510000 - 0x00007ff98469a000 	C:\WINDOWS\SYSTEM32\dbghelp.dll

VM Arguments:
jvm_args: -agentlib:jdwp=transport=dt_socket,suspend=y,address=localhost:51485 -Dfile.encoding=UTF-8 
java_command: KNN
Launcher Type: SUN_STANDARD

Environment Variables:
PATH=D:\app\Dominik\product\11.2.0\dbhome_1\bin;C:\Program Files (x86)\Intel\iCLS Client\;C:\Program Files\Intel\iCLS Client\;C:\WINDOWS\system32;C:\WINDOWS;C:\WINDOWS\System32\Wbem;C:\WINDOWS\System32\WindowsPowerShell\v1.0\;C:\Program Files (x86)\NVIDIA Corporation\PhysX\Common;C:\Program Files\Intel\Intel(R) Management Engine Components\DAL;C:\Program Files (x86)\Intel\Intel(R) Management Engine Components\DAL;C:\Program Files\Intel\Intel(R) Management Engine Components\IPT;C:\Program Files (x86)\Intel\Intel(R) Management Engine Components\IPT;C:\Program Files (x86)\Skype\Phone\;C:\Program Files\Git\cmd;d:\Program Files\MATLAB\MATLAB Production Server\R2015a\runtime\win64;d:\Program Files\MATLAB\MATLAB Production Server\R2015a\bin;d:\Program Files\MATLAB\MATLAB Production Server\R2015a\polyspace\bin;D:\Program Files\MATLAB\R2013a\runtime\win64;D:\Program Files\MATLAB\R2013a\bin;C:\Program Files (x86)\CineForm\Tools;D:\Program Files (x86)\GoPro\GoPro Studio\GoPro\Tools;C:\WINDOWS\system32\config\systemprofile\.dnx\bin;C:\Program Files\Microsoft DNX\Dnvm\;C:\Program Files (x86)\Windows Kits\8.1\Windows Performance Toolkit\
USERNAME=Dominik
OS=Windows_NT
PROCESSOR_IDENTIFIER=Intel64 Family 6 Model 58 Stepping 9, GenuineIntel



---------------  S Y S T E M  ---------------

OS: Windows 8.1 , 64 bit Build 9600 

CPU:total 4 (2 cores per cpu, 2 threads per core) family 6 model 58 stepping 9, cmov, cx8, fxsr, mmx, sse, sse2, sse3, ssse3, sse4.1, sse4.2, popcnt, avx, aes, erms, ht, tsc, tscinvbit, tscinv

Memory: 4k page, physical 8251156k(3151052k free), swap 11489104k(2396668k free)

vm_info: Java HotSpot(TM) 64-Bit Server VM (24.79-b02) for windows-amd64 JRE (1.7.0_79-b15), built on Apr 10 2015 12:36:16 by "java_re" with unknown MS VC++:1600

time: Thu Feb 04 15:40:27 2016
elapsed time: 587 seconds

